0 info it worked if it ends with ok
1 verbose cli [ 'C:\\Program Files\\nodejs\\node.exe',
1 verbose cli   'C:\\Program Files\\nodejs\\node_modules\\npm\\bin\\npm-cli.js',
1 verbose cli   'start' ]
2 info using npm@4.0.5
3 info using node@v7.4.0
4 verbose run-script [ 'prestart', 'start', 'poststart' ]
5 info lifecycle secure-elector@1.0.0~prestart: secure-elector@1.0.0
6 silly lifecycle secure-elector@1.0.0~prestart: no script for prestart, continuing
7 info lifecycle secure-elector@1.0.0~start: secure-elector@1.0.0
8 verbose lifecycle secure-elector@1.0.0~start: unsafe-perm in lifecycle true
9 verbose lifecycle secure-elector@1.0.0~start: PATH: C:\Program Files\nodejs\node_modules\npm\bin\node-gyp-bin;C:\Users\Adithya Venkatarao\Documents\GitHub\SecureElector\node_modules\.bin;C:\Program Files (x86)\Intel\iCLS Client\;C:\Program Files\Intel\iCLS Client\;C:\Windows\system32;C:\Windows;C:\Windows\System32\Wbem;C:\Windows\System32\WindowsPowerShell\v1.0\;C:\Program Files (x86)\Intel\Intel(R) Management Engine Components\DAL;C:\Program Files\Intel\Intel(R) Management Engine Components\DAL;C:\Program Files (x86)\Intel\Intel(R) Management Engine Components\IPT;C:\Program Files\Intel\Intel(R) Management Engine Components\IPT;C:\Program Files (x86)\NVIDIA Corporation\PhysX\Common;C:\Program Files\Intel\WiFi\bin\;C:\Program Files\Common Files\Intel\WirelessCommon\;C:\Program Files\nodejs\;C:\Program Files\Git\cmd;C:\Program Files (x86)\Google\Cloud SDK\google-cloud-sdk\bin;C:\Program Files (x86)\Skype\Phone\;%SystemRoot%\system32;%SystemRoot%;%SystemRoot%\System32\Wbem;%SYSTEMROOT%\System32\WindowsPowerShell\v1.0\;C:\Users\Adithya Venkatarao\AppData\Local\Programs\Python\Python36\Scripts\;C:\Users\Adithya Venkatarao\AppData\Local\Programs\Python\Python36\;C:\Users\Adithya Venkatarao\AppData\Local\Microsoft\WindowsApps;C:\Users\Adithya Venkatarao\AppData\Local\atom\bin;C:\Users\Adithya Venkatarao\AppData\Roaming\npm;C:\Program Files (x86)\Microsoft VS Code\bin;C:\Users\Adithya Venkatarao\AppData\Local\Microsoft\WindowsApps;
10 verbose lifecycle secure-elector@1.0.0~start: CWD: C:\Users\Adithya Venkatarao\Documents\GitHub\SecureElector
11 silly lifecycle secure-elector@1.0.0~start: Args: [ '/d /s /c', 'node index.js' ]
12 silly lifecycle secure-elector@1.0.0~start: Returned: code: 7  signal: null
13 info lifecycle secure-elector@1.0.0~start: Failed to exec start script
14 verbose stack Error: secure-elector@1.0.0 start: `node index.js`
14 verbose stack Exit status 7
14 verbose stack     at EventEmitter.<anonymous> (C:\Program Files\nodejs\node_modules\npm\lib\utils\lifecycle.js:279:16)
14 verbose stack     at emitTwo (events.js:106:13)
14 verbose stack     at EventEmitter.emit (events.js:191:7)
14 verbose stack     at ChildProcess.<anonymous> (C:\Program Files\nodejs\node_modules\npm\lib\utils\spawn.js:40:14)
14 verbose stack     at emitTwo (events.js:106:13)
14 verbose stack     at ChildProcess.emit (events.js:191:7)
14 verbose stack     at maybeClose (internal/child_process.js:885:16)
14 verbose stack     at Process.ChildProcess._handle.onexit (internal/child_process.js:226:5)
15 verbose pkgid secure-elector@1.0.0
16 verbose cwd C:\Users\Adithya Venkatarao\Documents\GitHub\SecureElector
17 error Windows_NT 10.0.16299
18 error argv "C:\\Program Files\\nodejs\\node.exe" "C:\\Program Files\\nodejs\\node_modules\\npm\\bin\\npm-cli.js" "start"
19 error node v7.4.0
20 error npm  v4.0.5
21 error code ELIFECYCLE
22 error secure-elector@1.0.0 start: `node index.js`
22 error Exit status 7
23 error Failed at the secure-elector@1.0.0 start script 'node index.js'.
23 error Make sure you have the latest version of node.js and npm installed.
23 error If you do, this is most likely a problem with the secure-elector package,
23 error not with npm itself.
23 error Tell the author that this fails on your system:
23 error     node index.js
23 error You can get information on how to open an issue for this project with:
23 error     npm bugs secure-elector
23 error Or if that isn't available, you can get their info via:
23 error     npm owner ls secure-elector
23 error There is likely additional logging output above.
24 verbose exit [ 1, true ]
